This is pdfTeX, Version 3.1415926-2.3-1.40.12 (MiKTeX 2.9 64-bit) (preloaded format=pdflatex 2012.10.10)  12 FEB 2013 14:01
entering extended mode
**karten.tex
(C:\Users\Dagmar\Documents\Studium\12-13_WS\Vorlesungen\SEng\Lernen\karten.tex
LaTeX2e <2011/06/27>
Babel <v3.8m> and hyphenation patterns for english, afrikaans, ancientgreek, ar
abic, armenian, assamese, basque, bengali, bokmal, bulgarian, catalan, coptic, 
croatian, czech, danish, dutch, esperanto, estonian, farsi, finnish, french, ga
lician, german, german-x-2009-06-19, greek, gujarati, hindi, hungarian, iceland
ic, indonesian, interlingua, irish, italian, kannada, kurmanji, lao, latin, lat
vian, lithuanian, malayalam, marathi, mongolian, mongolianlmc, monogreek, ngerm
an, ngerman-x-2009-06-19, nynorsk, oriya, panjabi, pinyin, polish, portuguese, 
romanian, russian, sanskrit, serbian, slovak, slovenian, spanish, swedish, swis
sgerman, tamil, telugu, turkish, turkmen, ukenglish, ukrainian, uppersorbian, u
senglishmax, welsh, loaded.
(C:\Users\Dagmar\Documents\Studium\12-13_WS\Vorlesungen\SEng\Lernen\kartei.cls
Document Class: kartei 2011/12/31 Karteikarten in LaTeX, Version 1.8b2
\card@papersize=\count79
\card@Rearsiderotation=\count80
(C:\Users\Dagmar\AppData\Roaming\MiKTeX\2.9\tex\latex\koma-script\scrartcl.cls
Document Class: scrartcl 2012/07/29 v3.11b KOMA-Script document class (article)

(C:\Users\Dagmar\AppData\Roaming\MiKTeX\2.9\tex\latex\koma-script\scrkbase.sty
Package: scrkbase 2012/07/29 v3.11b KOMA-Script package (KOMA-Script-dependent 
basics and keyval usage)

(C:\Users\Dagmar\AppData\Roaming\MiKTeX\2.9\tex\latex\koma-script\scrbase.sty
Package: scrbase 2012/07/29 v3.11b KOMA-Script package (KOMA-Script-independent
 basics and keyval usage)

("C:\Program Files\MiKTeX 2.9\tex\latex\graphics\keyval.sty"
Package: keyval 1999/03/16 v1.13 key=value parser (DPC)
\KV@toks@=\toks14
)
(C:\Users\Dagmar\AppData\Roaming\MiKTeX\2.9\tex\latex\koma-script\scrlfile.sty
Package: scrlfile 2012/06/15 v3.12 KOMA-Script package (loading files)

Package scrlfile, 2012/06/15 v3.12 KOMA-Script package (loading files)
                  Copyright (C) Markus Kohm

)))
(C:\Users\Dagmar\AppData\Roaming\MiKTeX\2.9\tex\latex\koma-script\tocbasic.sty
Package: tocbasic 2012/04/04 v3.10b KOMA-Script package (handling toc-files)
)
Package tocbasic Info: omitting babel extension for `toc'
(tocbasic)             because of feature `nobabel' available
(tocbasic)             for `toc' on input line 115.
Package tocbasic Info: omitting babel extension for `lof'
(tocbasic)             because of feature `nobabel' available
(tocbasic)             for `lof' on input line 116.
Package tocbasic Info: omitting babel extension for `lot'
(tocbasic)             because of feature `nobabel' available
(tocbasic)             for `lot' on input line 117.
Class scrartcl Info: File `scrsize11pt.clo' used instead of
(scrartcl)           file `scrsize11.clo' to setup font sizes on input line 126
7.

(C:\Users\Dagmar\AppData\Roaming\MiKTeX\2.9\tex\latex\koma-script\scrsize11pt.c
lo
File: scrsize11pt.clo 2012/07/29 v3.11b KOMA-Script font size class option (11p
t)
)
(C:\Users\Dagmar\AppData\Roaming\MiKTeX\2.9\tex\latex\koma-script\typearea.sty
Package: typearea 2012/07/29 v3.11b KOMA-Script package (type area)

Package typearea, 2012/07/29 v3.11b KOMA-Script package (type area)
                  Copyright (C) Frank Neukam, 1992-1994
                  Copyright (C) Markus Kohm, 1994-

\ta@bcor=\skip41
\ta@div=\count81
\ta@hblk=\skip42
\ta@vblk=\skip43
\ta@temp=\skip44
DIV calculation for typearea with good linewidth.

Package typearea Warning: Maybe no optimal type area settings!
(typearea)                The maximum limit of line width is about 64%
(typearea)                larger than the heuristically detected line width.
(typearea)                You may e.g. increase DIV, decrease fontsize
(typearea)                or change the papersize.

Package typearea Info: These are the values describing the layout:
(typearea)             DIV  = 7
(typearea)             BCOR = 0.0pt
(typearea)             \paperwidth      = 210.55042pt
(typearea)              \textwidth      = 120.31453pt
(typearea)              DIV departure   = 64%
(typearea)              \evensidemargin = -12.11273pt
(typearea)              \oddsidemargin  = -42.19136pt
(typearea)             \paperheight     = 298.75397pt
(typearea)              \textheight     = 174.20007pt
(typearea)              \topmargin      = -66.99086pt
(typearea)              \headheight     = 17.0pt
(typearea)              \headsep        = 20.40001pt
(typearea)              \topskip        = 11.0pt
(typearea)              \footskip       = 47.60002pt
(typearea)              \baselineskip   = 13.6pt
(typearea)              on input line 1213.
)
\c@part=\count82
\c@section=\count83
\c@subsection=\count84
\c@subsubsection=\count85
\c@paragraph=\count86
\c@subparagraph=\count87
\abovecaptionskip=\skip45
\belowcaptionskip=\skip46
\c@pti@nb@sid@b@x=\box26
\c@figure=\count88
\c@table=\count89
\bibindent=\dimen102
)
(C:\Users\Dagmar\AppData\Roaming\MiKTeX\2.9\tex\latex\koma-script\scrpage2.sty
Package: scrpage2 2010/04/22 v2.5 LaTeX2e KOMA-Script package
LaTeX Info: Redefining \pagemark on input line 176.
) (C:\Users\Dagmar\AppData\Roaming\MiKTeX\2.9\tex\latex\xargs\xargs.sty
Package: xargs 2008/03/22 v1.1  extended macro definitions  (mpg)

("C:\Program Files\MiKTeX 2.9\tex\latex\xkeyval\xkeyval.sty"
Package: xkeyval 2008/08/13 v2.6a package option processing (HA)

("C:\Program Files\MiKTeX 2.9\tex\generic\xkeyval\xkeyval.tex"
\XKV@toks=\toks15
\XKV@tempa@toks=\toks16
\XKV@depth=\count90
File: xkeyval.tex 2008/08/13 v2.6a key=value parser (HA)
))
\xargs@max=\count91
\xargs@toksa=\toks17
\xargs@toksb=\toks18
)
("C:\Program Files\MiKTeX 2.9\tex\latex\geometry\geometry.sty"
Package: geometry 2010/09/12 v5.6 Page Geometry

("C:\Program Files\MiKTeX 2.9\tex\generic\oberdiek\ifpdf.sty"
Package: ifpdf 2011/01/30 v2.3 Provides the ifpdf switch (HO)
Package ifpdf Info: pdfTeX in PDF mode is detected.
)
("C:\Program Files\MiKTeX 2.9\tex\generic\oberdiek\ifvtex.sty"
Package: ifvtex 2010/03/01 v1.5 Detect VTeX and its facilities (HO)
Package ifvtex Info: VTeX not detected.
)
("C:\Program Files\MiKTeX 2.9\tex\generic\ifxetex\ifxetex.sty"
Package: ifxetex 2010/09/12 v0.6 Provides ifxetex conditional
)
\Gm@cnth=\count92
\Gm@cntv=\count93
\c@Gm@tempcnt=\count94
\Gm@bindingoffset=\dimen103
\Gm@wd@mp=\dimen104
\Gm@odd@mp=\dimen105
\Gm@even@mp=\dimen106
\Gm@layoutwidth=\dimen107
\Gm@layoutheight=\dimen108
\Gm@layouthoffset=\dimen109
\Gm@layoutvoffset=\dimen110
\Gm@dimlist=\toks19

("C:\Program Files\MiKTeX 2.9\tex\latex\geometry\geometry.cfg"))
(C:\Users\Dagmar\AppData\Roaming\MiKTeX\2.9\tex\latex\pgf\utilities\pgfpages.st
y
Package: pgfpages 2004/11/05 ver 0.01

(C:\Users\Dagmar\AppData\Roaming\MiKTeX\2.9\tex\latex\pgf\basiclayer\pgfcore.st
y ("C:\Program Files\MiKTeX 2.9\tex\latex\graphics\graphicx.sty"
Package: graphicx 1999/02/16 v1.0f Enhanced LaTeX Graphics (DPC,SPQR)

("C:\Program Files\MiKTeX 2.9\tex\latex\graphics\graphics.sty"
Package: graphics 2009/02/05 v1.0o Standard LaTeX Graphics (DPC,SPQR)

("C:\Program Files\MiKTeX 2.9\tex\latex\graphics\trig.sty"
Package: trig 1999/03/16 v1.09 sin cos tan (DPC)
)
("C:\Program Files\MiKTeX 2.9\tex\latex\00miktex\graphics.cfg"
File: graphics.cfg 2007/01/18 v1.5 graphics configuration of teTeX/TeXLive
)
Package graphics Info: Driver file: pdftex.def on input line 91.

("C:\Program Files\MiKTeX 2.9\tex\latex\pdftex-def\pdftex.def"
File: pdftex.def 2011/05/27 v0.06d Graphics/color for pdfTeX

("C:\Program Files\MiKTeX 2.9\tex\generic\oberdiek\infwarerr.sty"
Package: infwarerr 2010/04/08 v1.3 Providing info/warning/error messages (HO)
)
("C:\Program Files\MiKTeX 2.9\tex\generic\oberdiek\ltxcmds.sty"
Package: ltxcmds 2011/11/09 v1.22 LaTeX kernel commands for general use (HO)
)
\Gread@gobject=\count95
))
\Gin@req@height=\dimen111
\Gin@req@width=\dimen112
)
(C:\Users\Dagmar\AppData\Roaming\MiKTeX\2.9\tex\latex\pgf\systemlayer\pgfsys.st
y
(C:\Users\Dagmar\AppData\Roaming\MiKTeX\2.9\tex\latex\pgf\utilities\pgfrcs.sty
(C:\Users\Dagmar\AppData\Roaming\MiKTeX\2.9\tex\generic\pgf\utilities\pgfutil-c
ommon.tex
\pgfutil@everybye=\toks20
)
(C:\Users\Dagmar\AppData\Roaming\MiKTeX\2.9\tex\generic\pgf\utilities\pgfutil-l
atex.def
\pgfutil@abb=\box27
 (C:\Users\Dagmar\AppData\Roaming\MiKTeX\2.9\tex\latex\ms\everyshi.sty
Package: everyshi 2001/05/15 v3.00 EveryShipout Package (MS)
))
(C:\Users\Dagmar\AppData\Roaming\MiKTeX\2.9\tex\generic\pgf\utilities\pgfrcs.co
de.tex
Package: pgfrcs 2010/10/25 v2.10 (rcs-revision 1.24)
))
(C:\Users\Dagmar\AppData\Roaming\MiKTeX\2.9\tex\generic\pgf\systemlayer\pgfsys.
code.tex
Package: pgfsys 2010/06/30 v2.10 (rcs-revision 1.37)

(C:\Users\Dagmar\AppData\Roaming\MiKTeX\2.9\tex\generic\pgf\utilities\pgfkeys.c
ode.tex
\pgfkeys@pathtoks=\toks21
\pgfkeys@temptoks=\toks22

(C:\Users\Dagmar\AppData\Roaming\MiKTeX\2.9\tex\generic\pgf\utilities\pgfkeysfi
ltered.code.tex
\pgfkeys@tmptoks=\toks23
))
\pgf@x=\dimen113
\pgf@y=\dimen114
\pgf@xa=\dimen115
\pgf@ya=\dimen116
\pgf@xb=\dimen117
\pgf@yb=\dimen118
\pgf@xc=\dimen119
\pgf@yc=\dimen120
\w@pgf@writea=\write3
\r@pgf@reada=\read1
\c@pgf@counta=\count96
\c@pgf@countb=\count97
\c@pgf@countc=\count98
\c@pgf@countd=\count99

(C:\Users\Dagmar\AppData\Roaming\MiKTeX\2.9\tex\generic\pgf\systemlayer\pgf.cfg
File: pgf.cfg 2008/05/14  (rcs-revision 1.7)
)
Package pgfsys Info: Driver file for pgf: pgfsys-pdftex.def on input line 900.

(C:\Users\Dagmar\AppData\Roaming\MiKTeX\2.9\tex\generic\pgf\systemlayer\pgfsys-
pdftex.def
File: pgfsys-pdftex.def 2009/05/22  (rcs-revision 1.26)

(C:\Users\Dagmar\AppData\Roaming\MiKTeX\2.9\tex\generic\pgf\systemlayer\pgfsys-
common-pdf.def
File: pgfsys-common-pdf.def 2008/05/19  (rcs-revision 1.10)
)))
(C:\Users\Dagmar\AppData\Roaming\MiKTeX\2.9\tex\generic\pgf\systemlayer\pgfsyss
oftpath.code.tex
File: pgfsyssoftpath.code.tex 2008/07/18  (rcs-revision 1.7)
\pgfsyssoftpath@smallbuffer@items=\count100
\pgfsyssoftpath@bigbuffer@items=\count101
)
(C:\Users\Dagmar\AppData\Roaming\MiKTeX\2.9\tex\generic\pgf\systemlayer\pgfsysp
rotocol.code.tex
File: pgfsysprotocol.code.tex 2006/10/16  (rcs-revision 1.4)
))
(C:\Users\Dagmar\AppData\Roaming\MiKTeX\2.9\tex\latex\xcolor\xcolor.sty
Package: xcolor 2007/01/21 v2.11 LaTeX color extensions (UK)

("C:\Program Files\MiKTeX 2.9\tex\latex\00miktex\color.cfg"
File: color.cfg 2007/01/18 v1.5 color configuration of teTeX/TeXLive
)
Package xcolor Info: Driver file: pdftex.def on input line 225.
Package xcolor Info: Model `cmy' substituted by `cmy0' on input line 1337.
Package xcolor Info: Model `hsb' substituted by `rgb' on input line 1341.
Package xcolor Info: Model `RGB' extended on input line 1353.
Package xcolor Info: Model `HTML' substituted by `rgb' on input line 1355.
Package xcolor Info: Model `Hsb' substituted by `hsb' on input line 1356.
Package xcolor Info: Model `tHsb' substituted by `hsb' on input line 1357.
Package xcolor Info: Model `HSB' substituted by `hsb' on input line 1358.
Package xcolor Info: Model `Gray' substituted by `gray' on input line 1359.
Package xcolor Info: Model `wave' substituted by `hsb' on input line 1360.
)
(C:\Users\Dagmar\AppData\Roaming\MiKTeX\2.9\tex\generic\pgf\basiclayer\pgfcore.
code.tex
Package: pgfcore 2010/04/11 v2.10 (rcs-revision 1.7)

(C:\Users\Dagmar\AppData\Roaming\MiKTeX\2.9\tex\generic\pgf\math\pgfmath.code.t
ex
(C:\Users\Dagmar\AppData\Roaming\MiKTeX\2.9\tex\generic\pgf\math\pgfmathcalc.co
de.tex
(C:\Users\Dagmar\AppData\Roaming\MiKTeX\2.9\tex\generic\pgf\math\pgfmathutil.co
de.tex)
(C:\Users\Dagmar\AppData\Roaming\MiKTeX\2.9\tex\generic\pgf\math\pgfmathparser.
code.tex
\pgfmath@dimen=\dimen121
\pgfmath@count=\count102
\pgfmath@box=\box28
\pgfmath@toks=\toks24
\pgfmath@stack@operand=\toks25
\pgfmath@stack@operation=\toks26
)
(C:\Users\Dagmar\AppData\Roaming\MiKTeX\2.9\tex\generic\pgf\math\pgfmathfunctio
ns.code.tex
(C:\Users\Dagmar\AppData\Roaming\MiKTeX\2.9\tex\generic\pgf\math\pgfmathfunctio
ns.basic.code.tex)
(C:\Users\Dagmar\AppData\Roaming\MiKTeX\2.9\tex\generic\pgf\math\pgfmathfunctio
ns.trigonometric.code.tex)
(C:\Users\Dagmar\AppData\Roaming\MiKTeX\2.9\tex\generic\pgf\math\pgfmathfunctio
ns.random.code.tex)
(C:\Users\Dagmar\AppData\Roaming\MiKTeX\2.9\tex\generic\pgf\math\pgfmathfunctio
ns.comparison.code.tex)
(C:\Users\Dagmar\AppData\Roaming\MiKTeX\2.9\tex\generic\pgf\math\pgfmathfunctio
ns.base.code.tex)
(C:\Users\Dagmar\AppData\Roaming\MiKTeX\2.9\tex\generic\pgf\math\pgfmathfunctio
ns.round.code.tex)
(C:\Users\Dagmar\AppData\Roaming\MiKTeX\2.9\tex\generic\pgf\math\pgfmathfunctio
ns.misc.code.tex)))
(C:\Users\Dagmar\AppData\Roaming\MiKTeX\2.9\tex\generic\pgf\math\pgfmathfloat.c
ode.tex
\c@pgfmathroundto@lastzeros=\count103
))
(C:\Users\Dagmar\AppData\Roaming\MiKTeX\2.9\tex\generic\pgf\basiclayer\pgfcorep
oints.code.tex
File: pgfcorepoints.code.tex 2010/04/09  (rcs-revision 1.20)
\pgf@picminx=\dimen122
\pgf@picmaxx=\dimen123
\pgf@picminy=\dimen124
\pgf@picmaxy=\dimen125
\pgf@pathminx=\dimen126
\pgf@pathmaxx=\dimen127
\pgf@pathminy=\dimen128
\pgf@pathmaxy=\dimen129
\pgf@xx=\dimen130
\pgf@xy=\dimen131
\pgf@yx=\dimen132
\pgf@yy=\dimen133
\pgf@zx=\dimen134
\pgf@zy=\dimen135
)
(C:\Users\Dagmar\AppData\Roaming\MiKTeX\2.9\tex\generic\pgf\basiclayer\pgfcorep
athconstruct.code.tex
File: pgfcorepathconstruct.code.tex 2010/08/03  (rcs-revision 1.24)
\pgf@path@lastx=\dimen136
\pgf@path@lasty=\dimen137
)
(C:\Users\Dagmar\AppData\Roaming\MiKTeX\2.9\tex\generic\pgf\basiclayer\pgfcorep
athusage.code.tex
File: pgfcorepathusage.code.tex 2008/04/22  (rcs-revision 1.12)
\pgf@shorten@end@additional=\dimen138
\pgf@shorten@start@additional=\dimen139
)
(C:\Users\Dagmar\AppData\Roaming\MiKTeX\2.9\tex\generic\pgf\basiclayer\pgfcores
copes.code.tex
File: pgfcorescopes.code.tex 2010/09/08  (rcs-revision 1.34)
\pgfpic=\box29
\pgf@hbox=\box30
\pgf@layerbox@main=\box31
\pgf@picture@serial@count=\count104
)
(C:\Users\Dagmar\AppData\Roaming\MiKTeX\2.9\tex\generic\pgf\basiclayer\pgfcoreg
raphicstate.code.tex
File: pgfcoregraphicstate.code.tex 2008/04/22  (rcs-revision 1.9)
\pgflinewidth=\dimen140
)
(C:\Users\Dagmar\AppData\Roaming\MiKTeX\2.9\tex\generic\pgf\basiclayer\pgfcoret
ransformations.code.tex
File: pgfcoretransformations.code.tex 2009/06/10  (rcs-revision 1.11)
\pgf@pt@x=\dimen141
\pgf@pt@y=\dimen142
\pgf@pt@temp=\dimen143
)
(C:\Users\Dagmar\AppData\Roaming\MiKTeX\2.9\tex\generic\pgf\basiclayer\pgfcoreq
uick.code.tex
File: pgfcorequick.code.tex 2008/10/09  (rcs-revision 1.3)
)
(C:\Users\Dagmar\AppData\Roaming\MiKTeX\2.9\tex\generic\pgf\basiclayer\pgfcoreo
bjects.code.tex
File: pgfcoreobjects.code.tex 2006/10/11  (rcs-revision 1.2)
)
(C:\Users\Dagmar\AppData\Roaming\MiKTeX\2.9\tex\generic\pgf\basiclayer\pgfcorep
athprocessing.code.tex
File: pgfcorepathprocessing.code.tex 2008/10/09  (rcs-revision 1.8)
)
(C:\Users\Dagmar\AppData\Roaming\MiKTeX\2.9\tex\generic\pgf\basiclayer\pgfcorea
rrows.code.tex
File: pgfcorearrows.code.tex 2008/04/23  (rcs-revision 1.11)
)
(C:\Users\Dagmar\AppData\Roaming\MiKTeX\2.9\tex\generic\pgf\basiclayer\pgfcores
hade.code.tex
File: pgfcoreshade.code.tex 2008/11/23  (rcs-revision 1.13)
\pgf@max=\dimen144
\pgf@sys@shading@range@num=\count105
)
(C:\Users\Dagmar\AppData\Roaming\MiKTeX\2.9\tex\generic\pgf\basiclayer\pgfcorei
mage.code.tex
File: pgfcoreimage.code.tex 2010/03/25  (rcs-revision 1.16)

(C:\Users\Dagmar\AppData\Roaming\MiKTeX\2.9\tex\generic\pgf\basiclayer\pgfcoree
xternal.code.tex
File: pgfcoreexternal.code.tex 2010/09/01  (rcs-revision 1.17)
\pgfexternal@startupbox=\box32
))
(C:\Users\Dagmar\AppData\Roaming\MiKTeX\2.9\tex\generic\pgf\basiclayer\pgfcorel
ayers.code.tex
File: pgfcorelayers.code.tex 2010/08/27  (rcs-revision 1.2)
)
(C:\Users\Dagmar\AppData\Roaming\MiKTeX\2.9\tex\generic\pgf\basiclayer\pgfcoret
ransparency.code.tex
File: pgfcoretransparency.code.tex 2008/01/17  (rcs-revision 1.2)
)
(C:\Users\Dagmar\AppData\Roaming\MiKTeX\2.9\tex\generic\pgf\basiclayer\pgfcorep
atterns.code.tex
File: pgfcorepatterns.code.tex 2009/07/02  (rcs-revision 1.3)
))) ("C:\Program Files\MiKTeX 2.9\tex\latex\tools\calc.sty"
Package: calc 2007/08/22 v4.3 Infix arithmetic (KKT,FJ)
\calc@Acount=\count106
\calc@Bcount=\count107
\calc@Adimen=\dimen145
\calc@Bdimen=\dimen146
\calc@Askip=\skip47
\calc@Bskip=\skip48
LaTeX Info: Redefining \setlength on input line 76.
LaTeX Info: Redefining \addtolength on input line 77.
\calc@Ccount=\count108
\calc@Cskip=\skip49
)
\pgf@logicalpages=\count109
\pgf@firstshipout=\count110
\pgf@lastshipout=\count111
\pgf@currentshipout=\count112
\pgf@cpn=\count113
\pgf@shipoutnextto=\count114
\pgfphysicalheight=\dimen147
\pgfphysicalwidth=\dimen148
\pgfpages@shipoutbox=\box33
)
(C:\Users\Dagmar\AppData\Roaming\MiKTeX\2.9\tex\latex\pgf\frontendlayer\tikz.st
y (C:\Users\Dagmar\AppData\Roaming\MiKTeX\2.9\tex\latex\pgf\basiclayer\pgf.sty
Package: pgf 2008/01/15 v2.10 (rcs-revision 1.12)

(C:\Users\Dagmar\AppData\Roaming\MiKTeX\2.9\tex\generic\pgf\modules\pgfmodulesh
apes.code.tex
File: pgfmoduleshapes.code.tex 2010/09/09  (rcs-revision 1.13)
\pgfnodeparttextbox=\box34
)
(C:\Users\Dagmar\AppData\Roaming\MiKTeX\2.9\tex\generic\pgf\modules\pgfmodulepl
ot.code.tex
File: pgfmoduleplot.code.tex 2010/10/22  (rcs-revision 1.8)
)
(C:\Users\Dagmar\AppData\Roaming\MiKTeX\2.9\tex\latex\pgf\compatibility\pgfcomp
-version-0-65.sty
Package: pgfcomp-version-0-65 2007/07/03 v2.10 (rcs-revision 1.7)
\pgf@nodesepstart=\dimen149
\pgf@nodesepend=\dimen150
)
(C:\Users\Dagmar\AppData\Roaming\MiKTeX\2.9\tex\latex\pgf\compatibility\pgfcomp
-version-1-18.sty
Package: pgfcomp-version-1-18 2007/07/23 v2.10 (rcs-revision 1.1)
))
(C:\Users\Dagmar\AppData\Roaming\MiKTeX\2.9\tex\latex\pgf\utilities\pgffor.sty
(C:\Users\Dagmar\AppData\Roaming\MiKTeX\2.9\tex\latex\pgf\utilities\pgfkeys.sty

(C:\Users\Dagmar\AppData\Roaming\MiKTeX\2.9\tex\generic\pgf\utilities\pgfkeys.c
ode.tex))
(C:\Users\Dagmar\AppData\Roaming\MiKTeX\2.9\tex\generic\pgf\utilities\pgffor.co
de.tex
Package: pgffor 2010/03/23 v2.10 (rcs-revision 1.18)
\pgffor@iter=\dimen151
\pgffor@skip=\dimen152
\pgffor@stack=\toks27
\pgffor@toks=\toks28
))
(C:\Users\Dagmar\AppData\Roaming\MiKTeX\2.9\tex\generic\pgf\frontendlayer\tikz\
tikz.code.tex
Package: tikz 2010/10/13 v2.10 (rcs-revision 1.76)

(C:\Users\Dagmar\AppData\Roaming\MiKTeX\2.9\tex\generic\pgf\libraries\pgflibrar
yplothandlers.code.tex
File: pgflibraryplothandlers.code.tex 2010/05/31 v2.10 (rcs-revision 1.15)
\pgf@plot@mark@count=\count115
\pgfplotmarksize=\dimen153
)
\tikz@lastx=\dimen154
\tikz@lasty=\dimen155
\tikz@lastxsaved=\dimen156
\tikz@lastysaved=\dimen157
\tikzleveldistance=\dimen158
\tikzsiblingdistance=\dimen159
\tikz@figbox=\box35
\tikz@tempbox=\box36
\tikztreelevel=\count116
\tikznumberofchildren=\count117
\tikznumberofcurrentchild=\count118
\tikz@fig@count=\count119

(C:\Users\Dagmar\AppData\Roaming\MiKTeX\2.9\tex\generic\pgf\modules\pgfmodulema
trix.code.tex
File: pgfmodulematrix.code.tex 2010/08/24  (rcs-revision 1.4)
\pgfmatrixcurrentrow=\count120
\pgfmatrixcurrentcolumn=\count121
\pgf@matrix@numberofcolumns=\count122
)
\tikz@expandcount=\count123

(C:\Users\Dagmar\AppData\Roaming\MiKTeX\2.9\tex\generic\pgf\frontendlayer\tikz\
libraries\tikzlibrarytopaths.code.tex
File: tikzlibrarytopaths.code.tex 2008/06/17 v2.10 (rcs-revision 1.2)
)))
("C:\Program Files\MiKTeX 2.9\tex\latex\base\ifthen.sty"
Package: ifthen 2001/05/26 v1.1c Standard LaTeX ifthen package (DPC)
)
("C:\Program Files\MiKTeX 2.9\tex\generic\oberdiek\atbegshi.sty"
Package: atbegshi 2011/10/05 v1.16 At begin shipout hook (HO)
)
(C:\Users\Dagmar\Documents\Studium\12-13_WS\Vorlesungen\SEng\Lernen\kartei.page
shipout.tex
\pgfpages@shipoutbox=\box37
\pgfpages@shipoutbox=\box38
)
(C:\Users\Dagmar\Documents\Studium\12-13_WS\Vorlesungen\SEng\Lernen\kartei.a5pr
intstyle.tex)
(C:\Users\Dagmar\Documents\Studium\12-13_WS\Vorlesungen\SEng\Lernen\kartei.a5pr
intstylerotation.tex)
(C:\Users\Dagmar\Documents\Studium\12-13_WS\Vorlesungen\SEng\Lernen\kartei.a6pr
intstyle.tex)
(C:\Users\Dagmar\Documents\Studium\12-13_WS\Vorlesungen\SEng\Lernen\kartei.a6pr
intstylerotation.tex)
(C:\Users\Dagmar\Documents\Studium\12-13_WS\Vorlesungen\SEng\Lernen\kartei.a7pr
intstyle.tex)
(C:\Users\Dagmar\Documents\Studium\12-13_WS\Vorlesungen\SEng\Lernen\kartei.a7pr
intstylerotation.tex)
(C:\Users\Dagmar\Documents\Studium\12-13_WS\Vorlesungen\SEng\Lernen\kartei.a8pr
intstyle.tex)
(C:\Users\Dagmar\Documents\Studium\12-13_WS\Vorlesungen\SEng\Lernen\kartei.a8pr
intstylerotation.tex)
(C:\Users\Dagmar\Documents\Studium\12-13_WS\Vorlesungen\SEng\Lernen\kartei.a9pr
intstyle.tex)
(C:\Users\Dagmar\Documents\Studium\12-13_WS\Vorlesungen\SEng\Lernen\kartei.a9pr
intstylerotation.tex)
\c@CardID=\count124
\pgfpages@box@1=\box39
\pgfpages@box@3=\box40
\pgfpages@box@5=\box41
\pgfpages@box@7=\box42
\pgfpages@box@9=\box43
\pgfpages@box@11=\box44
\pgfpages@box@13=\box45
\pgfpages@box@15=\box46
\pgfpages@box@2=\box47
\pgfpages@box@4=\box48
\pgfpages@box@6=\box49
\pgfpages@box@8=\box50
\pgfpages@box@10=\box51
\pgfpages@box@12=\box52
\pgfpages@box@14=\box53
\pgfpages@box@16=\box54
)
(C:\Users\Dagmar\AppData\Roaming\MiKTeX\2.9\tex\generic\pgf\frontendlayer\tikz\
libraries\tikzlibrarypositioning.code.tex
File: tikzlibrarypositioning.code.tex 2008/10/06 v2.10 (rcs-revision 1.7)
)
(C:\Users\Dagmar\AppData\Roaming\MiKTeX\2.9\tex\generic\pgf\frontendlayer\tikz\
libraries\tikzlibrarycalc.code.tex
File: tikzlibrarycalc.code.tex 2009/09/04 v2.10 (rcs-revision 1.6)
)
("C:\Program Files\MiKTeX 2.9\tex\latex\base\inputenc.sty"
Package: inputenc 2008/03/30 v1.1d Input encoding file
\inpenc@prehook=\toks29
\inpenc@posthook=\toks30

("C:\Program Files\MiKTeX 2.9\tex\latex\base\utf8.def"
File: utf8.def 2008/04/05 v1.1m UTF-8 support for inputenc
Now handling font encoding OML ...
... no UTF-8 mapping file for font encoding OML
Now handling font encoding T1 ...
... processing UTF-8 mapping file for font encoding T1

("C:\Program Files\MiKTeX 2.9\tex\latex\base\t1enc.dfu"
File: t1enc.dfu 2008/04/05 v1.1m UTF-8 support for inputenc
   defining Unicode char U+00A1 (decimal 161)
   defining Unicode char U+00A3 (decimal 163)
   defining Unicode char U+00AB (decimal 171)
   defining Unicode char U+00BB (decimal 187)
   defining Unicode char U+00BF (decimal 191)
   defining Unicode char U+00C0 (decimal 192)
   defining Unicode char U+00C1 (decimal 193)
   defining Unicode char U+00C2 (decimal 194)
   defining Unicode char U+00C3 (decimal 195)
   defining Unicode char U+00C4 (decimal 196)
   defining Unicode char U+00C5 (decimal 197)
   defining Unicode char U+00C6 (decimal 198)
   defining Unicode char U+00C7 (decimal 199)
   defining Unicode char U+00C8 (decimal 200)
   defining Unicode char U+00C9 (decimal 201)
   defining Unicode char U+00CA (decimal 202)
   defining Unicode char U+00CB (decimal 203)
   defining Unicode char U+00CC (decimal 204)
   defining Unicode char U+00CD (decimal 205)
   defining Unicode char U+00CE (decimal 206)
   defining Unicode char U+00CF (decimal 207)
   defining Unicode char U+00D0 (decimal 208)
   defining Unicode char U+00D1 (decimal 209)
   defining Unicode char U+00D2 (decimal 210)
   defining Unicode char U+00D3 (decimal 211)
   defining Unicode char U+00D4 (decimal 212)
   defining Unicode char U+00D5 (decimal 213)
   defining Unicode char U+00D6 (decimal 214)
   defining Unicode char U+00D8 (decimal 216)
   defining Unicode char U+00D9 (decimal 217)
   defining Unicode char U+00DA (decimal 218)
   defining Unicode char U+00DB (decimal 219)
   defining Unicode char U+00DC (decimal 220)
   defining Unicode char U+00DD (decimal 221)
   defining Unicode char U+00DE (decimal 222)
   defining Unicode char U+00DF (decimal 223)
   defining Unicode char U+00E0 (decimal 224)
   defining Unicode char U+00E1 (decimal 225)
   defining Unicode char U+00E2 (decimal 226)
   defining Unicode char U+00E3 (decimal 227)
   defining Unicode char U+00E4 (decimal 228)
   defining Unicode char U+00E5 (decimal 229)
   defining Unicode char U+00E6 (decimal 230)
   defining Unicode char U+00E7 (decimal 231)
   defining Unicode char U+00E8 (decimal 232)
   defining Unicode char U+00E9 (decimal 233)
   defining Unicode char U+00EA (decimal 234)
   defining Unicode char U+00EB (decimal 235)
   defining Unicode char U+00EC (decimal 236)
   defining Unicode char U+00ED (decimal 237)
   defining Unicode char U+00EE (decimal 238)
   defining Unicode char U+00EF (decimal 239)
   defining Unicode char U+00F0 (decimal 240)
   defining Unicode char U+00F1 (decimal 241)
   defining Unicode char U+00F2 (decimal 242)
   defining Unicode char U+00F3 (decimal 243)
   defining Unicode char U+00F4 (decimal 244)
   defining Unicode char U+00F5 (decimal 245)
   defining Unicode char U+00F6 (decimal 246)
   defining Unicode char U+00F8 (decimal 248)
   defining Unicode char U+00F9 (decimal 249)
   defining Unicode char U+00FA (decimal 250)
   defining Unicode char U+00FB (decimal 251)
   defining Unicode char U+00FC (decimal 252)
   defining Unicode char U+00FD (decimal 253)
   defining Unicode char U+00FE (decimal 254)
   defining Unicode char U+00FF (decimal 255)
   defining Unicode char U+0102 (decimal 258)
   defining Unicode char U+0103 (decimal 259)
   defining Unicode char U+0104 (decimal 260)
   defining Unicode char U+0105 (decimal 261)
   defining Unicode char U+0106 (decimal 262)
   defining Unicode char U+0107 (decimal 263)
   defining Unicode char U+010C (decimal 268)
   defining Unicode char U+010D (decimal 269)
   defining Unicode char U+010E (decimal 270)
   defining Unicode char U+010F (decimal 271)
   defining Unicode char U+0110 (decimal 272)
   defining Unicode char U+0111 (decimal 273)
   defining Unicode char U+0118 (decimal 280)
   defining Unicode char U+0119 (decimal 281)
   defining Unicode char U+011A (decimal 282)
   defining Unicode char U+011B (decimal 283)
   defining Unicode char U+011E (decimal 286)
   defining Unicode char U+011F (decimal 287)
   defining Unicode char U+0130 (decimal 304)
   defining Unicode char U+0131 (decimal 305)
   defining Unicode char U+0132 (decimal 306)
   defining Unicode char U+0133 (decimal 307)
   defining Unicode char U+0139 (decimal 313)
   defining Unicode char U+013A (decimal 314)
   defining Unicode char U+013D (decimal 317)
   defining Unicode char U+013E (decimal 318)
   defining Unicode char U+0141 (decimal 321)
   defining Unicode char U+0142 (decimal 322)
   defining Unicode char U+0143 (decimal 323)
   defining Unicode char U+0144 (decimal 324)
   defining Unicode char U+0147 (decimal 327)
   defining Unicode char U+0148 (decimal 328)
   defining Unicode char U+014A (decimal 330)
   defining Unicode char U+014B (decimal 331)
   defining Unicode char U+0150 (decimal 336)
   defining Unicode char U+0151 (decimal 337)
   defining Unicode char U+0152 (decimal 338)
   defining Unicode char U+0153 (decimal 339)
   defining Unicode char U+0154 (decimal 340)
   defining Unicode char U+0155 (decimal 341)
   defining Unicode char U+0158 (decimal 344)
   defining Unicode char U+0159 (decimal 345)
   defining Unicode char U+015A (decimal 346)
   defining Unicode char U+015B (decimal 347)
   defining Unicode char U+015E (decimal 350)
   defining Unicode char U+015F (decimal 351)
   defining Unicode char U+0160 (decimal 352)
   defining Unicode char U+0161 (decimal 353)
   defining Unicode char U+0162 (decimal 354)
   defining Unicode char U+0163 (decimal 355)
   defining Unicode char U+0164 (decimal 356)
   defining Unicode char U+0165 (decimal 357)
   defining Unicode char U+016E (decimal 366)
   defining Unicode char U+016F (decimal 367)
   defining Unicode char U+0170 (decimal 368)
   defining Unicode char U+0171 (decimal 369)
   defining Unicode char U+0178 (decimal 376)
   defining Unicode char U+0179 (decimal 377)
   defining Unicode char U+017A (decimal 378)
   defining Unicode char U+017B (decimal 379)
   defining Unicode char U+017C (decimal 380)
   defining Unicode char U+017D (decimal 381)
   defining Unicode char U+017E (decimal 382)
   defining Unicode char U+200C (decimal 8204)
   defining Unicode char U+2013 (decimal 8211)
   defining Unicode char U+2014 (decimal 8212)
   defining Unicode char U+2018 (decimal 8216)
   defining Unicode char U+2019 (decimal 8217)
   defining Unicode char U+201A (decimal 8218)
   defining Unicode char U+201C (decimal 8220)
   defining Unicode char U+201D (decimal 8221)
   defining Unicode char U+201E (decimal 8222)
   defining Unicode char U+2030 (decimal 8240)
   defining Unicode char U+2031 (decimal 8241)
   defining Unicode char U+2039 (decimal 8249)
   defining Unicode char U+203A (decimal 8250)
   defining Unicode char U+2423 (decimal 9251)
)
Now handling font encoding OT1 ...
... processing UTF-8 mapping file for font encoding OT1

("C:\Program Files\MiKTeX 2.9\tex\latex\base\ot1enc.dfu"
File: ot1enc.dfu 2008/04/05 v1.1m UTF-8 support for inputenc
   defining Unicode char U+00A1 (decimal 161)
   defining Unicode char U+00A3 (decimal 163)
   defining Unicode char U+00B8 (decimal 184)
   defining Unicode char U+00BF (decimal 191)
   defining Unicode char U+00C5 (decimal 197)
   defining Unicode char U+00C6 (decimal 198)
   defining Unicode char U+00D8 (decimal 216)
   defining Unicode char U+00DF (decimal 223)
   defining Unicode char U+00E6 (decimal 230)
   defining Unicode char U+00EC (decimal 236)
   defining Unicode char U+00ED (decimal 237)
   defining Unicode char U+00EE (decimal 238)
   defining Unicode char U+00EF (decimal 239)
   defining Unicode char U+00F8 (decimal 248)
   defining Unicode char U+0131 (decimal 305)
   defining Unicode char U+0141 (decimal 321)
   defining Unicode char U+0142 (decimal 322)
   defining Unicode char U+0152 (decimal 338)
   defining Unicode char U+0153 (decimal 339)
   defining Unicode char U+2013 (decimal 8211)
   defining Unicode char U+2014 (decimal 8212)
   defining Unicode char U+2018 (decimal 8216)
   defining Unicode char U+2019 (decimal 8217)
   defining Unicode char U+201C (decimal 8220)
   defining Unicode char U+201D (decimal 8221)
)
Now handling font encoding OMS ...
... processing UTF-8 mapping file for font encoding OMS

("C:\Program Files\MiKTeX 2.9\tex\latex\base\omsenc.dfu"
File: omsenc.dfu 2008/04/05 v1.1m UTF-8 support for inputenc
   defining Unicode char U+00A7 (decimal 167)
   defining Unicode char U+00B6 (decimal 182)
   defining Unicode char U+00B7 (decimal 183)
   defining Unicode char U+2020 (decimal 8224)
   defining Unicode char U+2021 (decimal 8225)
   defining Unicode char U+2022 (decimal 8226)
)
Now handling font encoding OMX ...
... no UTF-8 mapping file for font encoding OMX
Now handling font encoding U ...
... no UTF-8 mapping file for font encoding U
   defining Unicode char U+00A9 (decimal 169)
   defining Unicode char U+00AA (decimal 170)
   defining Unicode char U+00AE (decimal 174)
   defining Unicode char U+00BA (decimal 186)
   defining Unicode char U+02C6 (decimal 710)
   defining Unicode char U+02DC (decimal 732)
   defining Unicode char U+200C (decimal 8204)
   defining Unicode char U+2026 (decimal 8230)
   defining Unicode char U+2122 (decimal 8482)
   defining Unicode char U+2423 (decimal 9251)
))
("C:\Program Files\MiKTeX 2.9\tex\generic\babel\babel.sty"
Package: babel 2008/07/08 v3.8m The Babel package

*************************************
* Local config file bblopts.cfg used
*
("C:\Program Files\MiKTeX 2.9\tex\latex\00miktex\bblopts.cfg"
File: bblopts.cfg 2006/07/31 v1.0 MiKTeX 'babel' configuration
)
("C:\Program Files\MiKTeX 2.9\tex\generic\babel\ngermanb.ldf"
Language: ngermanb 2008/07/06 v2.6n new German support from the babel system

("C:\Program Files\MiKTeX 2.9\tex\generic\babel\babel.def"
File: babel.def 2008/07/08 v3.8m Babel common definitions
\babel@savecnt=\count125
\U@D=\dimen160
)
\l@naustrian = a dialect from \language\l@ngerman 
Package babel Info: Making " an active character on input line 92.
))
(C:\Users\Dagmar\AppData\Roaming\MiKTeX\2.9\tex\latex\paralist\paralist.sty
Package: paralist 2002/03/18 v2.3b Extended list environments (BS)
\pltopsep=\skip50
\plpartopsep=\skip51
\plitemsep=\skip52
\plparsep=\skip53
\pl@lab=\toks31
)
(C:\Users\Dagmar\Documents\Studium\12-13_WS\Vorlesungen\SEng\Lernen\tikz-uml.st
y
Package: tikz-uml 2011/01/26
 (C:\Users\Dagmar\AppData\Roaming\MiKTeX\2.9\tex\latex\xstring\xstring.sty
(C:\Users\Dagmar\AppData\Roaming\MiKTeX\2.9\tex\generic\xstring\xstring.tex
\@xs@message=\write4
\integerpart=\count126
\decimalpart=\count127
)
Package: xstring 2013/1/13  v1.7  String manipulations (C Tellechea)
)
(C:\Users\Dagmar\AppData\Roaming\MiKTeX\2.9\tex\latex\pgfopts\pgfopts.sty
Package: pgfopts 2011/06/02 v2.1 LaTeX package options with pgfkeys
\pgfopts@list@add@a@toks=\toks32
\pgfopts@list@add@b@toks=\toks33
)
(C:\Users\Dagmar\AppData\Roaming\MiKTeX\2.9\tex\generic\pgf\frontendlayer\tikz\
libraries\tikzlibrarybackgrounds.code.tex
File: tikzlibrarybackgrounds.code.tex 2010/02/08 v2.10 (rcs-revision 1.2)
\pgf@layerbox@background=\box55
\pgf@layerboxsaved@background=\box56
)
(C:\Users\Dagmar\AppData\Roaming\MiKTeX\2.9\tex\generic\pgf\frontendlayer\tikz\
libraries\tikzlibraryarrows.code.tex
File: tikzlibraryarrows.code.tex 2008/01/09 v2.10 (rcs-revision 1.1)

(C:\Users\Dagmar\AppData\Roaming\MiKTeX\2.9\tex\generic\pgf\libraries\pgflibrar
yarrows.code.tex
File: pgflibraryarrows.code.tex 2008/10/27 v2.10 (rcs-revision 1.9)
\arrowsize=\dimen161
))
(C:\Users\Dagmar\AppData\Roaming\MiKTeX\2.9\tex\generic\pgf\frontendlayer\tikz\
libraries\tikzlibraryshapes.code.tex
File: tikzlibraryshapes.code.tex 2008/01/09 v2.10 (rcs-revision 1.1)

(C:\Users\Dagmar\AppData\Roaming\MiKTeX\2.9\tex\generic\pgf\frontendlayer\tikz\
libraries\tikzlibraryshapes.geometric.code.tex
File: tikzlibraryshapes.geometric.code.tex 2008/01/09 v2.10 (rcs-revision 1.1)

(C:\Users\Dagmar\AppData\Roaming\MiKTeX\2.9\tex\generic\pgf\libraries\shapes\pg
flibraryshapes.geometric.code.tex
File: pgflibraryshapes.geometric.code.tex 2008/06/26 v2.10 (rcs-revision 1.1)
))
(C:\Users\Dagmar\AppData\Roaming\MiKTeX\2.9\tex\generic\pgf\frontendlayer\tikz\
libraries\tikzlibraryshapes.misc.code.tex
File: tikzlibraryshapes.misc.code.tex 2008/01/09 v2.10 (rcs-revision 1.1)

(C:\Users\Dagmar\AppData\Roaming\MiKTeX\2.9\tex\generic\pgf\libraries\shapes\pg
flibraryshapes.misc.code.tex
File: pgflibraryshapes.misc.code.tex 2008/10/07 v2.10 (rcs-revision 1.3)
))
(C:\Users\Dagmar\AppData\Roaming\MiKTeX\2.9\tex\generic\pgf\frontendlayer\tikz\
libraries\tikzlibraryshapes.symbols.code.tex
File: tikzlibraryshapes.symbols.code.tex 2008/01/09 v2.10 (rcs-revision 1.1)

(C:\Users\Dagmar\AppData\Roaming\MiKTeX\2.9\tex\generic\pgf\libraries\shapes\pg
flibraryshapes.symbols.code.tex
File: pgflibraryshapes.symbols.code.tex 2009/10/27 v2.10 (rcs-revision 1.3)
))
(C:\Users\Dagmar\AppData\Roaming\MiKTeX\2.9\tex\generic\pgf\frontendlayer\tikz\
libraries\tikzlibraryshapes.arrows.code.tex
File: tikzlibraryshapes.arrows.code.tex 2008/01/09 v2.10 (rcs-revision 1.1)

(C:\Users\Dagmar\AppData\Roaming\MiKTeX\2.9\tex\generic\pgf\libraries\shapes\pg
flibraryshapes.arrows.code.tex
File: pgflibraryshapes.arrows.code.tex 2008/06/26 v2.10 (rcs-revision 1.1)
))
(C:\Users\Dagmar\AppData\Roaming\MiKTeX\2.9\tex\generic\pgf\frontendlayer\tikz\
libraries\tikzlibraryshapes.callouts.code.tex
(C:\Users\Dagmar\AppData\Roaming\MiKTeX\2.9\tex\generic\pgf\libraries\shapes\pg
flibraryshapes.callouts.code.tex))
(C:\Users\Dagmar\AppData\Roaming\MiKTeX\2.9\tex\generic\pgf\frontendlayer\tikz\
libraries\tikzlibraryshapes.multipart.code.tex
File: tikzlibraryshapes.multipart.code.tex 2008/01/09 v2.10 (rcs-revision 1.1)

(C:\Users\Dagmar\AppData\Roaming\MiKTeX\2.9\tex\generic\pgf\libraries\shapes\pg
flibraryshapes.multipart.code.tex
File: pgflibraryshapes.multipart.code.tex 2010/01/07 v2.10 (rcs-revision 1.2)
\pgfnodepartlowerbox=\box57
\pgfnodeparttwobox=\box58
\pgfnodepartthreebox=\box59
\pgfnodepartfourbox=\box60
\pgfnodeparttwentybox=\box61
\pgfnodepartnineteenbox=\box62
\pgfnodeparteighteenbox=\box63
\pgfnodepartseventeenbox=\box64
\pgfnodepartsixteenbox=\box65
\pgfnodepartfifteenbox=\box66
\pgfnodepartfourteenbox=\box67
\pgfnodepartthirteenbox=\box68
\pgfnodeparttwelvebox=\box69
\pgfnodepartelevenbox=\box70
\pgfnodeparttenbox=\box71
\pgfnodepartninebox=\box72
\pgfnodeparteightbox=\box73
\pgfnodepartsevenbox=\box74
\pgfnodepartsixbox=\box75
\pgfnodepartfivebox=\box76
)))
(C:\Users\Dagmar\AppData\Roaming\MiKTeX\2.9\tex\generic\pgf\frontendlayer\tikz\
libraries\tikzlibraryfit.code.tex
File: tikzlibraryfit.code.tex 2008/06/21 v2.10 (rcs-revision 1.3)
)
(C:\Users\Dagmar\AppData\Roaming\MiKTeX\2.9\tex\generic\pgf\frontendlayer\tikz\
libraries\tikzlibraryshadows.code.tex
File: tikzlibraryshadows.code.tex 2008/01/13 v2.10 (rcs-revision 1.3)

(C:\Users\Dagmar\AppData\Roaming\MiKTeX\2.9\tex\generic\pgf\frontendlayer\tikz\
libraries\tikzlibraryfadings.code.tex
File: tikzlibraryfadings.code.tex 2009/11/15 v2.10 (rcs-revision 1.2)

(C:\Users\Dagmar\AppData\Roaming\MiKTeX\2.9\tex\generic\pgf\libraries\pgflibrar
yfadings.code.tex
File: pgflibraryfadings.code.tex 2008/02/07 v2.10 (rcs-revision 1.3)
)))
(C:\Users\Dagmar\AppData\Roaming\MiKTeX\2.9\tex\generic\pgf\frontendlayer\tikz\
libraries\tikzlibrarydecorations.markings.code.tex
(C:\Users\Dagmar\AppData\Roaming\MiKTeX\2.9\tex\generic\pgf\frontendlayer\tikz\
libraries\tikzlibrarydecorations.code.tex
(C:\Users\Dagmar\AppData\Roaming\MiKTeX\2.9\tex\generic\pgf\modules\pgfmodulede
corations.code.tex
\pgfdecoratedcompleteddistance=\dimen162
\pgfdecoratedremainingdistance=\dimen163
\pgfdecoratedinputsegmentcompleteddistance=\dimen164
\pgfdecoratedinputsegmentremainingdistance=\dimen165
\pgf@decorate@distancetomove=\dimen166
\pgf@decorate@repeatstate=\count128
\pgfdecorationsegmentamplitude=\dimen167
\pgfdecorationsegmentlength=\dimen168
)
\tikz@lib@dec@box=\box77
)
(C:\Users\Dagmar\AppData\Roaming\MiKTeX\2.9\tex\generic\pgf\libraries\decoratio
ns\pgflibrarydecorations.markings.code.tex))
\pgf@layerbox@background=\box78
\pgf@layerboxsaved@background=\box79
\c@tikzumlPackageLayers=\count129
\pgf@layerbox@package0=\box80
\pgf@layerboxsaved@package0=\box81
\pgf@layerbox@package1=\box82
\pgf@layerboxsaved@package1=\box83
\pgf@layerbox@package2=\box84
\pgf@layerboxsaved@package2=\box85
\pgf@layerbox@package3=\box86
\pgf@layerboxsaved@package3=\box87
\c@tikzumlFragmentLayers=\count130
\pgf@layerbox@fragment0=\box88
\pgf@layerboxsaved@fragment0=\box89
\pgf@layerbox@fragment1=\box90
\pgf@layerboxsaved@fragment1=\box91
\pgf@layerbox@fragment2=\box92
\pgf@layerboxsaved@fragment2=\box93
\pgf@layerbox@fragment3=\box94
\pgf@layerboxsaved@fragment3=\box95
\c@tikzumlStateLayers=\count131
\pgf@layerbox@state0=\box96
\pgf@layerboxsaved@state0=\box97
\pgf@layerbox@state1=\box98
\pgf@layerboxsaved@state1=\box99
\pgf@layerbox@state2=\box100
\pgf@layerboxsaved@state2=\box101
\pgf@layerbox@state3=\box102
\pgf@layerboxsaved@state3=\box103
\c@tikzumlComponentLayers=\count132
\pgf@layerbox@component0=\box104
\pgf@layerboxsaved@component0=\box105
\pgf@layerbox@component1=\box106
\pgf@layerboxsaved@component1=\box107
\pgf@layerbox@component2=\box108
\pgf@layerboxsaved@component2=\box109
\pgf@layerbox@component3=\box110
\pgf@layerboxsaved@component3=\box111
\pgf@layerbox@lifelines=\box112
\pgf@layerboxsaved@lifelines=\box113
\pgf@layerbox@activity=\box114
\pgf@layerboxsaved@activity=\box115
\pgf@layerbox@connections=\box116
\pgf@layerboxsaved@connections=\box117
\c@tikzumlPackageClassNum=\count133
\c@tikzumlPackageSubPackageNum=\count134
\c@tikzumlRelationNum=\count135
\c@tikzumlNoteNum=\count136
\c@pos=\count137
\c@posT=\count138
\c@posStereo=\count139
\c@tikzumlPackageLevel=\count140
\c@tikzumlSystemUseCaseNum=\count141
\c@tikzumlSystemLevel=\count142
\c@tikzumlUseCaseNum=\count143
\c@tikzumlActorNum=\count144
\c@tikzumlStateJoinNum=\count145
\c@tikzumlStateDecisionNum=\count146
\c@tikzumlStateInitialNum=\count147
\c@tikzumlStateFinalNum=\count148
\c@tikzumlStateEnterNum=\count149
\c@tikzumlStateExitNum=\count150
\c@tikzumlStateEndNum=\count151
\c@tikzumlStateHistoryNum=\count152
\c@tikzumlStateDeepHistoryNum=\count153
\c@tikzumlStateLevel=\count154
\c@tikzumlStateSubStateNum=\count155
\c@tikzumlStateText=\count156
\c@tikzumlObjectNum=\count157
\c@tikzumlCallLevel=\count158
\c@tikzumlCallNum=\count159
\c@tikzumlFragmentLevel=\count160
\c@tikzumlFragmentLevelNum=\count161
\c@tikzumlFragmentNum=\count162
\c@tikzumlFragmentPartNum=\count163
\c@tikzumlCallStartFragmentNum=\count164
\c@tikzumlCallEndFragmentNum=\count165
\tikzumlCall@xa=\skip54
\tikzumlCall@xb=\skip55
\c@tikzumlComponentLevel=\count166
\c@tikzumlComponentSubComponentNum=\count167
\c@tikzumlConnectorNum=\count168
\tikzuml@AC@xa=\skip56
\tikzuml@AC@ya=\skip57
\tikzuml@AC@xb=\skip58
\tikzuml@AC@yb=\skip59
\tikzuml@AC@xi=\skip60
\tikzuml@AC@yi=\skip61
\tikzuml@AC@xic=\skip62
\tikzuml@AC@yic=\skip63
\tikzuml@AC@xio=\skip64
\tikzuml@AC@yio=\skip65
\tikzuml@AC@AB=\skip66
\tikzuml@AC@lambda=\skip67
\tikzuml@AC@xtrc=\skip68
\tikzuml@AC@ytrc=\skip69
\tikzuml@AC@xtlc=\skip70
\tikzuml@AC@ytlc=\skip71
\tikzuml@AC@xblc=\skip72
\tikzuml@AC@yblc=\skip73
\tikzuml@AC@xbrc=\skip74
\tikzuml@AC@ybrc=\skip75
\tikzuml@AC@middleArm=\skip76
)
("C:\Program Files\MiKTeX 2.9\tex\latex\ams\math\amsmath.sty"
Package: amsmath 2000/07/18 v2.13 AMS math features
\@mathmargin=\skip77

For additional information on amsmath, use the `?' option.
("C:\Program Files\MiKTeX 2.9\tex\latex\ams\math\amstext.sty"
Package: amstext 2000/06/29 v2.01

("C:\Program Files\MiKTeX 2.9\tex\latex\ams\math\amsgen.sty"
File: amsgen.sty 1999/11/30 v2.0
\@emptytoks=\toks34
\ex@=\dimen169
))
("C:\Program Files\MiKTeX 2.9\tex\latex\ams\math\amsbsy.sty"
Package: amsbsy 1999/11/29 v1.2d
\pmbraise@=\dimen170
)
("C:\Program Files\MiKTeX 2.9\tex\latex\ams\math\amsopn.sty"
Package: amsopn 1999/12/14 v2.01 operator names
)
\inf@bad=\count169
LaTeX Info: Redefining \frac on input line 211.
\uproot@=\count170
\leftroot@=\count171
LaTeX Info: Redefining \overline on input line 307.
\classnum@=\count172
\DOTSCASE@=\count173
LaTeX Info: Redefining \ldots on input line 379.
LaTeX Info: Redefining \dots on input line 382.
LaTeX Info: Redefining \cdots on input line 467.
\Mathstrutbox@=\box118
\strutbox@=\box119
\big@size=\dimen171
LaTeX Font Info:    Redeclaring font encoding OML on input line 567.
LaTeX Font Info:    Redeclaring font encoding OMS on input line 568.
\macc@depth=\count174
\c@MaxMatrixCols=\count175
\dotsspace@=\muskip10
\c@parentequation=\count176
\dspbrk@lvl=\count177
\tag@help=\toks35
\row@=\count178
\column@=\count179
\maxfields@=\count180
\andhelp@=\toks36
\eqnshift@=\dimen172
\alignsep@=\dimen173
\tagshift@=\dimen174
\tagwidth@=\dimen175
\totwidth@=\dimen176
\lineht@=\dimen177
\@envbody=\toks37
\multlinegap=\skip78
\multlinetaggap=\skip79
\mathdisplay@stack=\toks38
LaTeX Info: Redefining \[ on input line 2666.
LaTeX Info: Redefining \] on input line 2667.
)
("C:\Program Files\MiKTeX 2.9\tex\latex\amsfonts\amssymb.sty"
Package: amssymb 2009/06/22 v3.00

("C:\Program Files\MiKTeX 2.9\tex\latex\amsfonts\amsfonts.sty"
Package: amsfonts 2009/06/22 v3.00 Basic AMSFonts support
\symAMSa=\mathgroup4
\symAMSb=\mathgroup5
LaTeX Font Info:    Overwriting math alphabet `\mathfrak' in version `bold'
(Font)                  U/euf/m/n --> U/euf/b/n on input line 96.
))
(C:\Users\Dagmar\Documents\Studium\12-13_WS\Vorlesungen\SEng\Lernen\karten.aux)
LaTeX Font Info:    Checking defaults for OML/cmm/m/it on input line 20.
LaTeX Font Info:    ... okay on input line 20.
LaTeX Font Info:    Checking defaults for T1/cmr/m/n on input line 20.
LaTeX Font Info:    ... okay on input line 20.
LaTeX Font Info:    Checking defaults for OT1/cmr/m/n on input line 20.
LaTeX Font Info:    ... okay on input line 20.
LaTeX Font Info:    Checking defaults for OMS/cmsy/m/n on input line 20.
LaTeX Font Info:    ... okay on input line 20.
LaTeX Font Info:    Checking defaults for OMX/cmex/m/n on input line 20.
LaTeX Font Info:    ... okay on input line 20.
LaTeX Font Info:    Checking defaults for U/cmr/m/n on input line 20.
LaTeX Font Info:    ... okay on input line 20.
*geometry* driver: auto-detecting
*geometry* detected driver: pdftex
*geometry* verbose mode - [ preamble ] result:
* driver: pdftex
* paper: <default>
* layout: <same size as paper>
* layoutoffset:(h,v)=(0.0pt,0.0pt)
* modes: landscape twoside 
* h-part:(L,W,R)=(10.95003pt, 276.85391pt, 10.95003pt)
* v-part:(T,H,B)=(27.37506pt, 172.22533pt, 10.95003pt)
* \paperwidth=298.75397pt
* \paperheight=210.55042pt
* \textwidth=276.85391pt
* \textheight=172.22533pt
* \oddsidemargin=-61.31996pt
* \evensidemargin=-61.31996pt
* \topmargin=-72.09492pt
* \headheight=17.68004pt
* \headsep=9.51996pt
* \topskip=11.0pt
* \footskip=10.95003pt
* \marginparwidth=45.11794pt
* \marginparsep=12.8401pt
* \columnsep=10.0pt
* \skip\footins=10.0pt plus 4.0pt minus 2.0pt
* \hoffset=0.0pt
* \voffset=0.0pt
* \mag=1000
* \@twocolumnfalse
* \@twosidetrue
* \@mparswitchtrue
* \@reversemarginfalse
* (1in=72.27pt=25.4mm, 1cm=28.453pt)

(C:\Users\Dagmar\AppData\Roaming\MiKTeX\2.9\tex\context\base\supp-pdf.mkii
[Loading MPS to PDF converter (version 2006.09.02).]
\scratchcounter=\count181
\scratchdimen=\dimen178
\scratchbox=\box120
\nofMPsegments=\count182
\nofMParguments=\count183
\everyMPshowfont=\toks39
\MPscratchCnt=\count184
\MPscratchDim=\dimen179
\MPnumerator=\count185
\makeMPintoPDFobject=\count186
\everyMPtoPDFconversion=\toks40
) ABD: EveryShipout initializing macros
\AtBeginShipoutBox=\box121

(C:\Users\Dagmar\Documents\Studium\12-13_WS\Vorlesungen\SEng\Lernen\cards/softw
arecrisis.tex
LaTeX Font Info:    Try loading font information for U+msa on input line 4.
 ("C:\Program Files\MiKTeX 2.9\tex\latex\amsfonts\umsa.fd"
File: umsa.fd 2009/06/22 v3.00 AMS symbols A
)
LaTeX Font Info:    Try loading font information for U+msb on input line 4.

("C:\Program Files\MiKTeX 2.9\tex\latex\amsfonts\umsb.fd"
File: umsb.fd 2009/06/22 v3.00 AMS symbols B
)
Overfull \hbox (2.15924pt too wide) in paragraph at lines 4--4
[]\OT1/cmr/m/n/8 Fehler, der von Men-schen-hand w[]ahrend der Lauf-zeit der Sof
t-wa-re get[]atigt
 []


Overfull \hbox (1.41599pt too wide) in paragraph at lines 29--29
[]\OT1/cmr/m/n/8 Projekte wur-den be-en-det, be-vor sie ab-ge-schlos-sen wa-ren
 (Ver-schwen-
 []

[17{C:/Users/Dagmar/AppData/Local/MiKTeX/2.9/pdftex/config/pdftex.map}















]
[17]
(C:\Users\Dagmar\Documents\Studium\12-13_WS\Vorlesungen\SEng\Lernen\pictures/bu
iltandfix.pgf))
(C:\Users\Dagmar\Documents\Studium\12-13_WS\Vorlesungen\SEng\Lernen\cards/wasse
rfallmodell.tex
(C:\Users\Dagmar\Documents\Studium\12-13_WS\Vorlesungen\SEng\Lernen\pictures/wf
m.pgf) [33
















] [33]
Overfull \hbox (4.34822pt too wide) in paragraph at lines 27--27
[]\OT1/cmr/m/n/8 Produktbereitstellung, War-tungs-ar-bei-ten (kor-rekt, ad-ap-t
iv, per-fekt), Pro-
 []


Overfull \hbox (7.93675pt too wide) in paragraph at lines 41--41
[]\OT1/cmr/m/n/8 evolution[]ares Pro-zess-mo-dell (Un-ter-brin-gen von Ver[]and
erungen) 
 []


(C:\Users\Dagmar\Documents\Studium\12-13_WS\Vorlesungen\SEng\Lernen\pictures/vm
.pgf))
(C:\Users\Dagmar\Documents\Studium\12-13_WS\Vorlesungen\SEng\Lernen\cards/softw
arequal.tex [49
















] [49])
(C:\Users\Dagmar\Documents\Studium\12-13_WS\Vorlesungen\SEng\Lernen\cards/softw
areprinz.tex [65
















] [65])
(C:\Users\Dagmar\Documents\Studium\12-13_WS\Vorlesungen\SEng\Lernen\cards/reqty
pes.tex [81
















] [81]
(C:\Users\Dagmar\Documents\Studium\12-13_WS\Vorlesungen\SEng\Lernen\pictures/no
nfunk.pgf
(C:\Users\Dagmar\AppData\Roaming\MiKTeX\2.9\tex\generic\pgf\frontendlayer\tikz\
libraries\tikzlibrarytrees.code.tex
File: tikzlibrarytrees.code.tex 2008/02/24 v2.10 (rcs-revision 1.2)
))
Overfull \hbox (3.24951pt too wide) in paragraph at lines 40--48
[][]    
 []

LaTeX Font Info:    Try loading font information for OMS+cmr on input line 63.
("C:\Program Files\MiKTeX 2.9\tex\latex\base\omscmr.fd"
File: omscmr.fd 1999/05/25 v2.5h Standard LaTeX font definitions
)
LaTeX Font Info:    Font shape `OMS/cmr/m/n' in size <8> not available
(Font)              Font shape `OMS/cmsy/m/n' tried instead on input line 63.
)
(C:\Users\Dagmar\Documents\Studium\12-13_WS\Vorlesungen\SEng\Lernen\cards/reqsp
ec.tex
Overfull \hbox (1.74149pt too wide) in paragraph at lines 10--10
[][]\OT1/cmr/m/n/8 Uberpr[]ufbarkeit: es gibt einen ef-fek-ti-ven (ma-nu-ell/au
tomatisch) Pro-
 []


Overfull \hbox (6.436pt too wide) in paragraph at lines 10--10
\OT1/cmr/m/n/8 Best[]atigung (Mo-del Checking, Tes-ting, Si-mu-la-ti-on)), oft 
nicht m[]oglich
 []

)
(C:\Users\Dagmar\Documents\Studium\12-13_WS\Vorlesungen\SEng\Lernen\cards/reqst
age.tex
Overfull \hbox (2.10245pt too wide) in paragraph at lines 11--11
[]\OT1/cmr/m/n/8 Anforderungserhebung (In-ter-views, Sze-na-ri-en, Markt-be-ob-
ach-
 []


Overfull \hbox (4.23259pt too wide) in paragraph at lines 11--11
\OT1/cmr/m/n/8 tung, ...), be-stim-men, wel-che der m[]oglichen wi-der-spr[]uch
lichen
 []


Overfull \hbox (4.07976pt too wide) in paragraph at lines 11--11
[]\OT1/cmr/m/n/8 Anforderungsdokumentation und -spezifikation (verst[]andliches

 []


Overfull \hbox (3.93669pt too wide) in paragraph at lines 11--11
[]\OT1/cmr/m/n/8 Ubereinstimmung von do-ku-men-tier-ten An-for-de-run-gen und d
en
 []


(C:\Users\Dagmar\Documents\Studium\12-13_WS\Vorlesungen\SEng\Lernen\pictures/re
qproc.pgf)
Overfull \hbox (4.74225pt too wide) in paragraph at lines 44--15
[][]    
 []

)
(C:\Users\Dagmar\Documents\Studium\12-13_WS\Vorlesungen\SEng\Lernen\cards/reqel
i.tex [97
















] [97])
(C:\Users\Dagmar\Documents\Studium\12-13_WS\Vorlesungen\SEng\Lernen\cards/ooana
.tex [113
















] [113]
Overfull \hbox (0.2756pt too wide) in paragraph at lines 65--65
[]\OT1/cmr/m/n/8 Umsetzung (Im-ple-men-ta-ti-on)/ Co-ding-stu-fe: au-to-ma-tisc
h syn-
 []

)
(C:\Users\Dagmar\Documents\Studium\12-13_WS\Vorlesungen\SEng\Lernen\cards/uml.t
ex
(C:\Users\Dagmar\Documents\Studium\12-13_WS\Vorlesungen\SEng\Lernen\pictures/in
clude.pgf)
Underfull \hbox (badness 10000) in paragraph at lines 28--28

 []

[129
















] [129]
(C:\Users\Dagmar\Documents\Studium\12-13_WS\Vorlesungen\SEng\Lernen\pictures/ex
tend.pgf)
Underfull \hbox (badness 10000) in paragraph at lines 32--32

 []


(C:\Users\Dagmar\Documents\Studium\12-13_WS\Vorlesungen\SEng\Lernen\pictures/as
so.pgf)
Overfull \vbox (0.9104pt too high) has occurred while \output is active []


(C:\Users\Dagmar\Documents\Studium\12-13_WS\Vorlesungen\SEng\Lernen\pictures/de
p.pgf)
(C:\Users\Dagmar\Documents\Studium\12-13_WS\Vorlesungen\SEng\Lernen\pictures/ag
g.pgf)
(C:\Users\Dagmar\Documents\Studium\12-13_WS\Vorlesungen\SEng\Lernen\pictures/co
mp.pgf)
Overfull \vbox (20.06317pt too high) has occurred while \output is active []


[145
















] [145]
(C:\Users\Dagmar\Documents\Studium\12-13_WS\Vorlesungen\SEng\Lernen\pictures/ge
n.pgf))
(C:\Users\Dagmar\Documents\Studium\12-13_WS\Vorlesungen\SEng\Lernen\cards/docre
q.tex
Overfull \hbox (18.28038pt too wide) in paragraph at lines 12--12
[]\OT1/cmr/m/n/8 Ei-ne \OT1/cmr/m/it/8 Soft-wa-re Re-qui-re-ment Spe-ci-fi-ca-t
i-on \OT1/cmr/m/n/8 ist ein Do-ku-ment, das ei-ne vollst[]andige
 []


Overfull \hbox (0.1479pt too wide) in paragraph at lines 28--28
[]\OT1/cmr/m/n/8 technische Pro-duk-tum-ge-bung (Soft-wa-re/Hardware, or-ga-ni-
sa-to-ri-sche
 []

)
(C:\Users\Dagmar\Documents\Studium\12-13_WS\Vorlesungen\SEng\Lernen\cards/desig
n.tex
Overfull \hbox (6.15216pt too wide) in paragraph at lines 17--17
[]\OT1/cmr/m/n/8 vorsichtig ab-bau-en, wenn ab-wei-chen-de Da-ten/Ereignisse/..
.eintreffen 
 []


Overfull \hbox (2.7562pt too wide) in paragraph at lines 33--33
[]\OT1/cmr/m/n/8 Architektonisches De-sign: be-stim-men der Haupt-ele-men-te (M
o-
 []


Overfull \hbox (11.29242pt too wide) in paragraph at lines 33--33
[]\OT1/cmr/m/n/8 Oberfl[]achendesign: wie ent-wirft man Wech-sel-be-zie-hun-gen
/ Kom-
 []

[161
















] [161]
Overfull \hbox (6.48784pt too wide) in paragraph at lines 44--44
\OT1/cmr/m/n/8 Diens-ten zu an-de-ren Mo-du-len, be-steht aus Na-me, Ober-fl[]a
che (Schnitt-
 []


Overfull \hbox (0.52663pt too wide) in paragraph at lines 44--44
[]\OT1/cmr/m/n/8 beherrschen der Kom-ple-xit[]at, er-leich-tert Do-ku-men-ta-ti
-on, erm[]oglicht
 []


Package paralist Warning: Incorrect label; no or multiple counters.
(paralist)                The label is: \leftmargin =1.5cm \ 1. on input line 7
4.


Overfull \hbox (2.89586pt too wide) in paragraph at lines 74--74
[]\OT1/cmr/m/n/8 Sonderf[]alle (Sys-tem-start, In-itia-li-sie-ren, Her-un-ter-f
ah-ren, schwe-re Feh-
 []


Overfull \hbox (0.46205pt too wide) in paragraph at lines 74--74
[]\OT1/cmr/m/n/8 Aufrechterhaltung (Ob-jek-te ar-bei-ten ei-genst[]andig), Wie-
der-ver-wend-bar-
 []

)
(C:\Users\Dagmar\Documents\Studium\12-13_WS\Vorlesungen\SEng\Lernen\cards/intco
n.tex
Overfull \hbox (0.71086pt too wide) in paragraph at lines 10--10
[]\OT1/cmr/m/n/8 benutzen ei-nes Ak-ti-vit[]atendiagramms zur Mo-del-lie-rung v
on Ar-beits-
 []

[177
















] [177]
(C:\Users\Dagmar\Documents\Studium\12-13_WS\Vorlesungen\SEng\Lernen\pictures/ha
shtable.pgf)
Overfull \hbox (27.37505pt too wide) in paragraph at lines 28--28
$[]$ $[]$ 
 []


(C:\Users\Dagmar\Documents\Studium\12-13_WS\Vorlesungen\SEng\Lernen\pictures/su
bcontract.pgf))
(C:\Users\Dagmar\Documents\Studium\12-13_WS\Vorlesungen\SEng\Lernen\cards/archp
at.tex
Overfull \hbox (4.74841pt too wide) in paragraph at lines 14--14
\OT1/cmr/m/n/8 der auf Da-ten zu-grei-fen/Ressourcen be-nut-zen/Operationen aus
f[]uhren
 []


(C:\Users\Dagmar\Documents\Studium\12-13_WS\Vorlesungen\SEng\Lernen\pictures/pi
peandfilter.pgf)
Overfull \hbox (1.45985pt too wide) in paragraph at lines 18--18
[][]   
 []


(C:\Users\Dagmar\Documents\Studium\12-13_WS\Vorlesungen\SEng\Lernen\pictures/ca
llandreturn.pgf)
(C:\Users\Dagmar\Documents\Studium\12-13_WS\Vorlesungen\SEng\Lernen\pictures/ve
rtpart.pgf)
(C:\Users\Dagmar\Documents\Studium\12-13_WS\Vorlesungen\SEng\Lernen\pictures/ho
rpart.pgf)
Underfull \hbox (badness 10000) in paragraph at lines 26--26

 []

)
(C:\Users\Dagmar\Documents\Studium\12-13_WS\Vorlesungen\SEng\Lernen\cards/despa
t.tex [193
















] [193] [209
















] [209])
(C:\Users\Dagmar\Documents\Studium\12-13_WS\Vorlesungen\SEng\Lernen\cards/desco
de.tex)
(C:\Users\Dagmar\Documents\Studium\12-13_WS\Vorlesungen\SEng\Lernen\cards/docde
s.tex
Overfull \hbox (3.7989pt too wide) in paragraph at lines 7--7
[]\OT1/cmr/m/n/8 vorgeschlagene Soft-wa-rear-chi-tek-tur (Funk-tio-na-lit[]at, 
Sub-sys-te-me, Da-
 []

)
(C:\Users\Dagmar\Documents\Studium\12-13_WS\Vorlesungen\SEng\Lernen\cards/sqa.t
ex
Overfull \hbox (13.78108pt too wide) in paragraph at lines 15--15
\OT1/cmr/m/n/8 fi-ka-tio-nen ent-spricht (for-ma-le Ve-ri-fi-ka-ti-on (Mo-del C
hecking,
 []


Overfull \hbox (0.26378pt too wide) in paragraph at lines 15--15
\OT1/cmr/m/n/8 for-ma-le Co-de-ve-ri-fi-ka-ti-on (Be-wei-se)), Kor-rekt-heits-b
e-wei-
 []

[225
















] [225]
(C:\Users\Dagmar\Documents\Studium\12-13_WS\Vorlesungen\SEng\Lernen\pictures/te
sting.pgf) [241
















] [241]
Overfull \hbox (4.91484pt too wide) in paragraph at lines 134--134
[]\OT1/cmr/m/n/8 Teilfunktion, be-schreibt das Ver-hal-ten des Pro-gramms bei I
n-put/Output: 
 []

[257
















] [257])
(C:\Users\Dagmar\Documents\Studium\12-13_WS\Vorlesungen\SEng\Lernen\cards/softm
et.tex)
(C:\Users\Dagmar\Documents\Studium\12-13_WS\Vorlesungen\SEng\Lernen\cards/mc.te
x
(C:\Users\Dagmar\Documents\Studium\12-13_WS\Vorlesungen\SEng\Lernen\pictures/mc
verification.pgf)
Overfull \hbox (2.65158pt too wide) in paragraph at lines 34--3
[][]    
 []


(C:\Users\Dagmar\Documents\Studium\12-13_WS\Vorlesungen\SEng\Lernen\pictures/st
atetrans.pgf
Underfull \hbox (badness 10000) in paragraph at lines 27--2

 []

) [273
















] [273] <pictures/phones1.png, id=144, 619.56468pt x 204.765pt>
File: pictures/phones1.png Graphic file (type png)

<use pictures/phones1.png>
Package pdftex.def Info: pictures/phones1.png used on input line 84.
(pdftex.def)             Requested size: 221.48396pt x 73.1998pt.

<pictures/phones2.png, id=146, 646.66594pt x 254.45062pt>
File: pictures/phones2.png Graphic file (type png)

<use pictures/phones2.png>
Package pdftex.def Info: pictures/phones2.png used on input line 84.
(pdftex.def)             Requested size: 221.48396pt x 87.1488pt.

Underfull \hbox (badness 10000) in paragraph at lines 84--84

 []


Overfull \hbox (3.78313pt too wide) in paragraph at lines 91--91
[][]\OT1/cmr/m/n/8 Uberg[]ange in lo-ka-len (in-di-vi-du-el-len) Zu-stands-ma-s
chi-nen (Statechart) 
 []

[289
















] [289 <C:/Users/Dagmar/Documents/Studium/12-13_WS/Vorlesungen/SEng/Lernen/pict
ures/phones1.png> <C:/Users/Dagmar/Documents/Studium/12-13_WS/Vorlesungen/SEng/
Lernen/pictures/phones2.png>])
(C:\Users\Dagmar\Documents\Studium\12-13_WS\Vorlesungen\SEng\Lernen\cards/mclog
ic.tex)
(C:\Users\Dagmar\Documents\Studium\12-13_WS\Vorlesungen\SEng\Lernen\cards/zusat
z.tex
(C:\Users\Dagmar\Documents\Studium\12-13_WS\Vorlesungen\SEng\Lernen\pictures/cm
m.pgf)) [305
















] [305]
(C:\Users\Dagmar\Documents\Studium\12-13_WS\Vorlesungen\SEng\Lernen\karten.aux)
 ) 
Here is how much of TeX's memory you used:
 19934 strings out of 494045
 405719 string characters out of 3148383
 658799 words of memory out of 3000000
 22654 multiletter control sequences out of 15000+200000
 14224 words of font info for 55 fonts, out of 3000000 for 9000
 715 hyphenation exceptions out of 8191
 63i,12n,79p,460b,1390s stack positions out of 5000i,500n,10000p,200000b,50000s
<C:/Program Files/MiKTeX 2.9/fonts/type1/public/amsfonts/cm/cmbx10.pfb><C:/Pr
ogram Files/MiKTeX 2.9/fonts/type1/public/amsfonts/cm/cmbx12.pfb><C:/Program Fi
les/MiKTeX 2.9/fonts/type1/public/amsfonts/cm/cmbx8.pfb><C:/Program Files/MiKTe
X 2.9/fonts/type1/public/amsfonts/cm/cmcsc10.pfb><C:/Program Files/MiKTeX 2.9/f
onts/type1/public/amsfonts/cm/cmmi10.pfb><C:/Program Files/MiKTeX 2.9/fonts/typ
e1/public/amsfonts/cm/cmmi12.pfb><C:/Program Files/MiKTeX 2.9/fonts/type1/publi
c/amsfonts/cm/cmmi6.pfb><C:/Program Files/MiKTeX 2.9/fonts/type1/public/amsfont
s/cm/cmmi8.pfb><C:/Program Files/MiKTeX 2.9/fonts/type1/public/amsfonts/cm/cmr1
0.pfb><C:/Program Files/MiKTeX 2.9/fonts/type1/public/amsfonts/cm/cmr12.pfb><C:
/Program Files/MiKTeX 2.9/fonts/type1/public/amsfonts/cm/cmr6.pfb><C:/Program F
iles/MiKTeX 2.9/fonts/type1/public/amsfonts/cm/cmr8.pfb><C:/Program Files/MiKTe
X 2.9/fonts/type1/public/amsfonts/cm/cmsl10.pfb><C:/Program Files/MiKTeX 2.9/fo
nts/type1/public/amsfonts/cm/cmssbx10.pfb><C:/Program Files/MiKTeX 2.9/fonts/ty
pe1/public/amsfonts/cm/cmsy8.pfb><C:/Program Files/MiKTeX 2.9/fonts/type1/publi
c/amsfonts/cm/cmti8.pfb><C:/Program Files/MiKTeX 2.9/fonts/type1/public/amsfont
s/cm/cmtt8.pfb><C:/Program Files/MiKTeX 2.9/fonts/type1/public/amsfonts/symbols
/msam10.pfb>
Output written on karten.pdf (38 pages, 382483 bytes).
PDF statistics:
 222 PDF objects out of 1000 (max. 8388607)
 0 named destinations out of 1000 (max. 500000)
 119 words of extra memory for PDF output out of 10000 (max. 10000000)

